[08:42:56] [main/INFO] [JMLogger] JourneyMap log initialized.
[08:42:56] [main/INFO] [JourneymapClient] initialize ENTER
[08:42:56] [main/ERROR] [JMLogger] Default theme not found in C:\Users\Sly\Documents\Curse\Minecraft\Instances\Arguably Natural Capital\journeymap\icon\theme\flat\OceanMonument.theme2.json: OceanMonument (SUPPRESSED)
[08:42:56] [main/WARN] [PropertiesBase] core (Initialized) Bad configField entry during updateFrom(): optionsManagerViewed=null
[08:42:56] [main/WARN] [PropertiesBase] core (Initialized) Bad configField entry during updateFrom(): splashViewed=null
[08:42:56] [Client thread/INFO] [?] Version: JourneyMap 1.12.2-5.5.2, built with Forge 14.23.0.2491
Forge: 14.23.4.2725
Environment: os.name, os.arch, java.version, user.country, user.language=null, game language=en_us, locale=en_us
Features: 
	RadarPlayers : singleplayer = true , multiplayer = true
	RadarAnimals : singleplayer = true , multiplayer = true
	RadarMobs : singleplayer = true , multiplayer = true
	RadarVillagers : singleplayer = true , multiplayer = true
	MapTopo : singleplayer = true , multiplayer = true
	MapSurface : singleplayer = true , multiplayer = true
	MapCaves : singleplayer = true , multiplayer = true
MiniMapProperties{state=Valid, file=journeymap.minimap.config, configVersion=5.5.2, zoomLevel=0, showPlayers=true, frameAlpha=100, compassFontScale=1, terrainAlpha=100, showEntityNames=true, enabled=true, showPlayerHeading=true, showVillagers=true, info2Label=Game Time, sizePercent=30, showDayNight=true, info3Label=Location, showMobs=true, showPets=true, preferredMapType=day, showCompass=true, mobDisplay=Small Dots, showReticle=true, orientation=North, shape=Circle, showSelf=true, info4Label=Biome, locationFormat=xzyv, playerDisplay=Small Dots, showGrid=true, reticleOrientation=Compass, showWaypoints=true, showCaves=true, showAnimals=true, showMobHeading=true, showWaypointLabels=true, locationFormatVerbose=true, position=Top Right, info1Label=Blank, fontScale=1}
MiniMapProperties{state=Valid, file=journeymap.minimap2.config, configVersion=5.5.2, zoomLevel=0, showPlayers=true, frameAlpha=100, compassFontScale=1, terrainAlpha=100, showEntityNames=true, enabled=true, showPlayerHeading=true, showVillagers=true, info2Label=Game Time, sizePercent=30, showDayNight=true, info3Label=Location, showMobs=true, showPets=true, preferredMapType=day, showCompass=true, mobDisplay=Small Dots, showReticle=true, orientation=North, shape=Rectangle, showSelf=true, info4Label=Biome, locationFormat=xzyv, playerDisplay=Small Dots, showGrid=true, reticleOrientation=Compass, showWaypoints=true, showCaves=true, showAnimals=true, showMobHeading=true, showWaypointLabels=true, locationFormatVerbose=true, position=Top Right, info1Label=Blank, fontScale=1}
FullMapProperties{state=Valid, file=journeymap.fullmap.config, configVersion=5.5.2, mobDisplay=Small Dots, zoomLevel=0, showPlayers=true, showSelf=true, locationFormat=xzyv, playerDisplay=Small Dots, showGrid=true, showEntityNames=true, showPlayerHeading=true, showVillagers=true, showWaypoints=true, showCaves=true, showAnimals=true, showMobHeading=true, showKeys=true, showWaypointLabels=true, locationFormatVerbose=true, showMobs=true, showPets=true, fontScale=1, preferredMapType=day}
WaypointProperties{state=Valid, file=journeymap.waypoint.config, configVersion=5.5.2, createDeathpoints=true, showName=true, maxDistance=0, autoHideLabel=true, showStaticBeam=true, minDistance=4, boldLabel=false, textureSmall=true, showDistance=true, showRotatingBeam=true, fontScale=2, showTexture=true, managerEnabled=true, beaconEnabled=true}
WebMapProperties{state=Valid, file=journeymap.webmap.config, configVersion=5.5.2, zoomLevel=0, showWaypoints=true, showCaves=true, showSelf=true, port=8080, showGrid=true, showEntityNames=true, enabled=false, googleMapApiDomain=.com, preferredMapType=day}
CoreProperties{state=Valid, file=journeymap.core.config, configVersion=5.5.2, verboseColorPalette=false, maxPlayersData=32, mapSurfaceAboveCaves=true, optionsManagerViewed=null, announceMod=true, colorPassive=#bbbbbb, renderOverlayEventTypeName=ALL, mapBlendWater=false, renderDistanceSurfaceMax=7, radarVerticalDistance=16, mapBlendGrass=true, recordCacheStats=false, hideSneakingEntities=true, revealShape=Circle, alwaysMapSurface=false, colorVillager=#88e188, mapPlants=false, colorPet=#0077ff, radarLateralDistance=64, mapBathymetry=false, mapCrops=true, maxMobsData=32, mapPlantShadows=false, alwaysMapCaves=false, checkUpdates=true, browserPoll=2000, mapBlendFoliage=true, mappingEnabled=true, colorPlayer=#ffffff, tileHighDisplayQuality=true, cacheVillagersData=2200, logLevel=INFO, maxVillagersData=32, maxAnimalsData=32, mapTransparency=true, tileRenderType=1, caveIgnoreGlass=true, mapTopography=true, renderDistanceCaveMax=3, mapAntialiasing=true, colorSelf=#0000ff, cachePlayersData=2000, cacheMobsData=3000, cachePlayerData=1000, splashViewed=null, colorHostile=#ff0000, cacheAnimalsData=3100, themeName=OceanMonument, mapCaveLighting=true, renderDelay=2, renderOverlayPreEvent=true, autoMapPoll=2000}
[08:42:56] [main/INFO] [ClientAPI] [ClientAPI] built with JourneyMap API 1.4
[08:42:56] [main/INFO] [PluginHelper] Initializing plugins with Client API: journeymap.client.api.impl.ClientAPI
[08:42:56] [main/INFO] [JourneymapClient] initialize EXIT, elapsed count 0 avg ?ms
[08:43:08] [main/DEBUG] [JourneymapClient] postInitialize ENTER
[08:43:08] [main/DEBUG] [EventHandlerManager] Handler registered: journeymap.client.forge.event.KeyEventHandler
[08:43:08] [main/DEBUG] [EventHandlerManager] Handler registered: journeymap.client.forge.event.ChatEventHandler
[08:43:08] [main/DEBUG] [EventHandlerManager] Handler registered: journeymap.client.forge.event.StateTickHandler
[08:43:08] [main/DEBUG] [EventHandlerManager] Handler registered: journeymap.client.forge.event.WorldEventHandler
[08:43:08] [main/DEBUG] [EventHandlerManager] Handler registered: journeymap.client.forge.event.WaypointBeaconHandler
[08:43:08] [main/DEBUG] [EventHandlerManager] Handler registered: journeymap.client.forge.event.TextureAtlasHandler
[08:43:08] [main/DEBUG] [EventHandlerManager] Handler registered: journeymap.client.forge.event.MiniMapOverlayHandler
[08:43:08] [main/DEBUG] [EventHandlerManager] Handler registered: journeymap.client.world.ChunkMonitor
[08:43:08] [main/ERROR] [FileHandler] Couldn't locate icons for Default: C:\Users\Sly\Documents\Curse\Minecraft\Instances\Arguably%20Natural%20Capital\mods\journeymap-1.12.2-5.5.2.jar\assets\journeymap\icon\entity
[08:43:08] [main/INFO] [IconSetFileHandler] Added entity icons from journeymap:icon/entity. Success: false
[08:43:08] [main/TRACE] [ThemeLoader] Initializing themes ...
[08:43:08] [main/ERROR] [FileHandler] Couldn't locate icons for flat: C:\Users\Sly\Documents\Curse\Minecraft\Instances\Arguably%20Natural%20Capital\mods\journeymap-1.12.2-5.5.2.jar\assets\journeymap\theme\flat
[08:43:08] [main/INFO] [ThemeLoader] Preloaded theme textures: 0
[08:43:09] [main/DEBUG] [JourneymapClient] postInitialize EXIT, elapsed§8 count §r1§8 avg §r888.1§8ms§r
[08:43:09] [JM-VersionCheck-1/ERROR] [VersionCheck$1] Could not check version URL
com.google.gson.JsonSyntaxException: com.google.gson.stream.MalformedJsonException: Use JsonReader.setLenient(true) to accept malformed JSON at line 2 column 2 path $
	at com.google.gson.JsonParser.parse(JsonParser.java:65) ~[JsonParser.class:?]
	at com.google.gson.JsonParser.parse(JsonParser.java:45) ~[JsonParser.class:?]
	at journeymap.common.version.VersionCheck$1.run(VersionCheck.java:134) [VersionCheck$1.class:1.12.2-5.5.2]
	at java.util.concurrent.Executors$RunnableAdapter.call(Executors.java:511) [?:1.8.0_172]
	at java.util.concurrent.FutureTask.run(FutureTask.java:266) [?:1.8.0_172]
	at java.util.concurrent.ThreadPoolExecutor.runWorker(ThreadPoolExecutor.java:1149) [?:1.8.0_172]
	at java.util.concurrent.ThreadPoolExecutor$Worker.run(ThreadPoolExecutor.java:624) [?:1.8.0_172]
	at java.lang.Thread.run(Thread.java:748) [?:1.8.0_172]
Caused by: com.google.gson.stream.MalformedJsonException: Use JsonReader.setLenient(true) to accept malformed JSON at line 2 column 2 path $
	at com.google.gson.stream.JsonReader.syntaxError(JsonReader.java:1559) ~[JsonReader.class:?]
	at com.google.gson.stream.JsonReader.checkLenient(JsonReader.java:1401) ~[JsonReader.class:?]
	at com.google.gson.stream.JsonReader.doPeek(JsonReader.java:542) ~[JsonReader.class:?]
	at com.google.gson.stream.JsonReader.peek(JsonReader.java:425) ~[JsonReader.class:?]
	at com.google.gson.JsonParser.parse(JsonParser.java:60) ~[JsonParser.class:?]
	... 7 more
[08:43:56] [Server thread/ERROR] [DataCache] ExecutionException in getPlayer: com.google.common.util.concurrent.UncheckedExecutionException: java.lang.NullPointerException
	at com.google.common.cache.LocalCache$Segment.get(LocalCache.java:2217)
	at com.google.common.cache.LocalCache.get(LocalCache.java:4154)
	at com.google.common.cache.LocalCache.getOrLoad(LocalCache.java:4158)
	at com.google.common.cache.LocalCache$LocalLoadingCache.get(LocalCache.java:5147)
	at journeymap.client.data.DataCache.getPlayer(DataCache.java:303)
	at journeymap.client.data.DataCache.getPlayer(DataCache.java:190)
	at journeymap.client.forge.event.WorldEventHandler.onUnload(WorldEventHandler.java:33)
	at net.minecraftforge.fml.common.eventhandler.ASMEventHandler_1231_WorldEventHandler_onUnload_Unload.invoke(.dynamic)
	at net.minecraftforge.fml.common.eventhandler.ASMEventHandler.invoke(ASMEventHandler.java:90)
	at net.minecraftforge.fml.common.eventhandler.EventBus.post(EventBus.java:182)
	at net.minecraftforge.common.DimensionManager.unloadWorlds(DimensionManager.java:403)
	at net.minecraft.server.MinecraftServer.func_71190_q(MinecraftServer.java:788)
	at net.minecraft.server.MinecraftServer.func_71217_p(MinecraftServer.java:668)
	at net.minecraft.server.integrated.IntegratedServer.func_71217_p(IntegratedServer.java:185)
	at net.minecraft.server.MinecraftServer.run(MinecraftServer.java:526)
	at java.lang.Thread.run(Thread.java:748)
Caused by: java.lang.NullPointerException
	at com.google.common.base.Preconditions.checkNotNull(Preconditions.java:770)
	at com.google.common.cache.LocalCache.get(LocalCache.java:4153)
	at com.google.common.cache.LocalCache.getOrLoad(LocalCache.java:4158)
	at com.google.common.cache.LocalCache$LocalLoadingCache.get(LocalCache.java:5147)
	at com.google.common.cache.LocalCache$LocalLoadingCache.getUnchecked(LocalCache.java:5153)
	at journeymap.client.data.DataCache.getEntityDTO(DataCache.java:441)
	at journeymap.client.data.PlayerData.load(PlayerData.java:86)
	at journeymap.client.data.PlayerData.load(PlayerData.java:30)
	at com.google.common.cache.LocalCache$LoadingValueReference.loadFuture(LocalCache.java:3716)
	at com.google.common.cache.LocalCache$Segment.loadSync(LocalCache.java:2424)
	at com.google.common.cache.LocalCache$Segment.lockedGetOrLoad(LocalCache.java:2298)
	at com.google.common.cache.LocalCache$Segment.get(LocalCache.java:2211)
	... 15 more

[08:43:56] [Server thread/ERROR] [WorldEventHandler] Error handling WorldEvent.Unload
java.lang.NullPointerException: null
	at journeymap.client.forge.event.WorldEventHandler.onUnload(WorldEventHandler.java:33) [WorldEventHandler.class:1.12.2-5.5.2]
	at net.minecraftforge.fml.common.eventhandler.ASMEventHandler_1231_WorldEventHandler_onUnload_Unload.invoke(.dynamic) [?:?]
	at net.minecraftforge.fml.common.eventhandler.ASMEventHandler.invoke(ASMEventHandler.java:90) [ASMEventHandler.class:?]
	at net.minecraftforge.fml.common.eventhandler.EventBus.post(EventBus.java:182) [EventBus.class:?]
	at net.minecraftforge.common.DimensionManager.unloadWorlds(DimensionManager.java:403) [DimensionManager.class:?]
	at net.minecraft.server.MinecraftServer.func_71190_q(MinecraftServer.java:788) [MinecraftServer.class:?]
	at net.minecraft.server.MinecraftServer.func_71217_p(MinecraftServer.java:668) [MinecraftServer.class:?]
	at net.minecraft.server.integrated.IntegratedServer.func_71217_p(IntegratedServer.java:185) [chd.class:?]
	at net.minecraft.server.MinecraftServer.run(MinecraftServer.java:526) [MinecraftServer.class:?]
	at java.lang.Thread.run(Thread.java:748) [?:1.8.0_172]
[08:43:56] [Server thread/ERROR] [DataCache] ExecutionException in getPlayer: com.google.common.util.concurrent.UncheckedExecutionException: java.lang.NullPointerException
	at com.google.common.cache.LocalCache$Segment.get(LocalCache.java:2217)
	at com.google.common.cache.LocalCache.get(LocalCache.java:4154)
	at com.google.common.cache.LocalCache.getOrLoad(LocalCache.java:4158)
	at com.google.common.cache.LocalCache$LocalLoadingCache.get(LocalCache.java:5147)
	at journeymap.client.data.DataCache.getPlayer(DataCache.java:303)
	at journeymap.client.data.DataCache.getPlayer(DataCache.java:190)
	at journeymap.client.forge.event.WorldEventHandler.onUnload(WorldEventHandler.java:33)
	at net.minecraftforge.fml.common.eventhandler.ASMEventHandler_1231_WorldEventHandler_onUnload_Unload.invoke(.dynamic)
	at net.minecraftforge.fml.common.eventhandler.ASMEventHandler.invoke(ASMEventHandler.java:90)
	at net.minecraftforge.fml.common.eventhandler.EventBus.post(EventBus.java:182)
	at net.minecraftforge.common.DimensionManager.unloadWorlds(DimensionManager.java:403)
	at net.minecraft.server.MinecraftServer.func_71190_q(MinecraftServer.java:788)
	at net.minecraft.server.MinecraftServer.func_71217_p(MinecraftServer.java:668)
	at net.minecraft.server.integrated.IntegratedServer.func_71217_p(IntegratedServer.java:185)
	at net.minecraft.server.MinecraftServer.run(MinecraftServer.java:526)
	at java.lang.Thread.run(Thread.java:748)
Caused by: java.lang.NullPointerException
	at com.google.common.base.Preconditions.checkNotNull(Preconditions.java:770)
	at com.google.common.cache.LocalCache.get(LocalCache.java:4153)
	at com.google.common.cache.LocalCache.getOrLoad(LocalCache.java:4158)
	at com.google.common.cache.LocalCache$LocalLoadingCache.get(LocalCache.java:5147)
	at com.google.common.cache.LocalCache$LocalLoadingCache.getUnchecked(LocalCache.java:5153)
	at journeymap.client.data.DataCache.getEntityDTO(DataCache.java:441)
	at journeymap.client.data.PlayerData.load(PlayerData.java:86)
	at journeymap.client.data.PlayerData.load(PlayerData.java:30)
	at com.google.common.cache.LocalCache$LoadingValueReference.loadFuture(LocalCache.java:3716)
	at com.google.common.cache.LocalCache$Segment.loadSync(LocalCache.java:2424)
	at com.google.common.cache.LocalCache$Segment.lockedGetOrLoad(LocalCache.java:2298)
	at com.google.common.cache.LocalCache$Segment.get(LocalCache.java:2211)
	... 15 more

[08:43:56] [Server thread/ERROR] [WorldEventHandler] Error handling WorldEvent.Unload
java.lang.NullPointerException: null
	at journeymap.client.forge.event.WorldEventHandler.onUnload(WorldEventHandler.java:33) [WorldEventHandler.class:1.12.2-5.5.2]
	at net.minecraftforge.fml.common.eventhandler.ASMEventHandler_1231_WorldEventHandler_onUnload_Unload.invoke(.dynamic) [?:?]
	at net.minecraftforge.fml.common.eventhandler.ASMEventHandler.invoke(ASMEventHandler.java:90) [ASMEventHandler.class:?]
	at net.minecraftforge.fml.common.eventhandler.EventBus.post(EventBus.java:182) [EventBus.class:?]
	at net.minecraftforge.common.DimensionManager.unloadWorlds(DimensionManager.java:403) [DimensionManager.class:?]
	at net.minecraft.server.MinecraftServer.func_71190_q(MinecraftServer.java:788) [MinecraftServer.class:?]
	at net.minecraft.server.MinecraftServer.func_71217_p(MinecraftServer.java:668) [MinecraftServer.class:?]
	at net.minecraft.server.integrated.IntegratedServer.func_71217_p(IntegratedServer.java:185) [chd.class:?]
	at net.minecraft.server.MinecraftServer.run(MinecraftServer.java:526) [MinecraftServer.class:?]
	at java.lang.Thread.run(Thread.java:748) [?:1.8.0_172]
[08:43:56] [Server thread/ERROR] [DataCache] ExecutionException in getPlayer: com.google.common.util.concurrent.UncheckedExecutionException: java.lang.NullPointerException
	at com.google.common.cache.LocalCache$Segment.get(LocalCache.java:2217)
	at com.google.common.cache.LocalCache.get(LocalCache.java:4154)
	at com.google.common.cache.LocalCache.getOrLoad(LocalCache.java:4158)
	at com.google.common.cache.LocalCache$LocalLoadingCache.get(LocalCache.java:5147)
	at journeymap.client.data.DataCache.getPlayer(DataCache.java:303)
	at journeymap.client.data.DataCache.getPlayer(DataCache.java:190)
	at journeymap.client.forge.event.WorldEventHandler.onUnload(WorldEventHandler.java:33)
	at net.minecraftforge.fml.common.eventhandler.ASMEventHandler_1231_WorldEventHandler_onUnload_Unload.invoke(.dynamic)
	at net.minecraftforge.fml.common.eventhandler.ASMEventHandler.invoke(ASMEventHandler.java:90)
	at net.minecraftforge.fml.common.eventhandler.EventBus.post(EventBus.java:182)
	at net.minecraftforge.common.DimensionManager.unloadWorlds(DimensionManager.java:403)
	at net.minecraft.server.MinecraftServer.func_71190_q(MinecraftServer.java:788)
	at net.minecraft.server.MinecraftServer.func_71217_p(MinecraftServer.java:668)
	at net.minecraft.server.integrated.IntegratedServer.func_71217_p(IntegratedServer.java:185)
	at net.minecraft.server.MinecraftServer.run(MinecraftServer.java:526)
	at java.lang.Thread.run(Thread.java:748)
Caused by: java.lang.NullPointerException
	at com.google.common.base.Preconditions.checkNotNull(Preconditions.java:770)
	at com.google.common.cache.LocalCache.get(LocalCache.java:4153)
	at com.google.common.cache.LocalCache.getOrLoad(LocalCache.java:4158)
	at com.google.common.cache.LocalCache$LocalLoadingCache.get(LocalCache.java:5147)
	at com.google.common.cache.LocalCache$LocalLoadingCache.getUnchecked(LocalCache.java:5153)
	at journeymap.client.data.DataCache.getEntityDTO(DataCache.java:441)
	at journeymap.client.data.PlayerData.load(PlayerData.java:86)
	at journeymap.client.data.PlayerData.load(PlayerData.java:30)
	at com.google.common.cache.LocalCache$LoadingValueReference.loadFuture(LocalCache.java:3716)
	at com.google.common.cache.LocalCache$Segment.loadSync(LocalCache.java:2424)
	at com.google.common.cache.LocalCache$Segment.lockedGetOrLoad(LocalCache.java:2298)
	at com.google.common.cache.LocalCache$Segment.get(LocalCache.java:2211)
	... 15 more

[08:43:56] [Server thread/ERROR] [WorldEventHandler] Error handling WorldEvent.Unload
java.lang.NullPointerException: null
	at journeymap.client.forge.event.WorldEventHandler.onUnload(WorldEventHandler.java:33) [WorldEventHandler.class:1.12.2-5.5.2]
	at net.minecraftforge.fml.common.eventhandler.ASMEventHandler_1231_WorldEventHandler_onUnload_Unload.invoke(.dynamic) [?:?]
	at net.minecraftforge.fml.common.eventhandler.ASMEventHandler.invoke(ASMEventHandler.java:90) [ASMEventHandler.class:?]
	at net.minecraftforge.fml.common.eventhandler.EventBus.post(EventBus.java:182) [EventBus.class:?]
	at net.minecraftforge.common.DimensionManager.unloadWorlds(DimensionManager.java:403) [DimensionManager.class:?]
	at net.minecraft.server.MinecraftServer.func_71190_q(MinecraftServer.java:788) [MinecraftServer.class:?]
	at net.minecraft.server.MinecraftServer.func_71217_p(MinecraftServer.java:668) [MinecraftServer.class:?]
	at net.minecraft.server.integrated.IntegratedServer.func_71217_p(IntegratedServer.java:185) [chd.class:?]
	at net.minecraft.server.MinecraftServer.run(MinecraftServer.java:526) [MinecraftServer.class:?]
	at java.lang.Thread.run(Thread.java:748) [?:1.8.0_172]
[08:44:14] [main/WARN] [PropertiesBase] core (Initialized) Bad configField entry during updateFrom(): optionsManagerViewed=null
[08:44:14] [main/WARN] [PropertiesBase] core (Initialized) Bad configField entry during updateFrom(): splashViewed=null
[08:44:14] [main/INFO] [TopoRenderer] Loading journeymap.topo.config
[08:44:15] [main/INFO] [WaypointStore] Loaded 1 waypoints from C:\Users\Sly\Documents\Curse\Minecraft\Instances\Arguably Natural Capital\journeymap\data\sp\Quests 3\waypoints
[08:44:15] [main/INFO] [JourneymapClient] Mapping started in C:\Users\Sly\Documents\Curse\Minecraft\Instances\Arguably Natural Capital\journeymap\data\sp\Quests 3\DIM0. Memory: 4087MB total, 855MB free 
[08:44:20] [main/INFO] [ChatLog] JourneyMap: Press [J]
[13:36:18] [main/INFO] [JourneymapClient] Mapping halted in C:\Users\Sly\Documents\Curse\Minecraft\Instances\Arguably Natural Capital\journeymap\data\sp\Quests 3\DIM0
